<?xml version="1.0" encoding="UTF-8"?>
<testng-results skipped="0" failed="0" ignored="0" total="1" passed="1">
  <reporter-output>
  </reporter-output>
  <suite name="Default suite" duration-ms="22888" started-at="2018-05-16T16:12:22Z" finished-at="2018-05-16T16:12:45Z">
    <groups>
    </groups>
    <test name="Default test" duration-ms="22888" started-at="2018-05-16T16:12:22Z" finished-at="2018-05-16T16:12:45Z">
      <class name="com.myproject.tesstcases.LoginPageTest">
        <test-method status="PASS" signature="setUp()[pri:0, instance:com.myproject.tesstcases.LoginPageTest@68c4039c]" name="setUp" is-config="true" duration-ms="16765" started-at="2018-05-16T21:42:22Z" finished-at="2018-05-16T21:42:38Z">
          <reporter-output>
          </reporter-output>
        </test-method> <!-- setUp -->
        <test-method status="PASS" signature="logintest()[pri:0, instance:com.myproject.tesstcases.LoginPageTest@68c4039c]" name="logintest" duration-ms="5301" started-at="2018-05-16T21:42:38Z" finished-at="2018-05-16T21:42:44Z">
          <reporter-output>
          </reporter-output>
        </test-method> <!-- logintest -->
        <test-method status="PASS" signature="tearDown()[pri:0, instance:com.myproject.tesstcases.LoginPageTest@68c4039c]" name="tearDown" is-config="true" duration-ms="763" started-at="2018-05-16T21:42:44Z" finished-at="2018-05-16T21:42:45Z">
          <reporter-output>
          </reporter-output>
        </test-method> <!-- tearDown -->
      </class> <!-- com.myproject.tesstcases.LoginPageTest -->
    </test> <!-- Default test -->
  </suite> <!-- Default suite -->
</testng-results>
